0 verbose cli C:\Program Files\nodejs\node.exe C:\Users\piruj\AppData\Roaming\npm\node_modules\npm\bin\npm-cli.js
1 info using npm@11.6.1
2 info using node@v23.5.0
3 silly config load:file:C:\Users\piruj\AppData\Roaming\npm\node_modules\npm\npmrc
4 silly config load:file:C:\Users\piruj\OneDrive\Desktop\OffShelf\.npmrc
5 silly config load:file:C:\Users\piruj\.npmrc
6 silly config load:file:C:\Users\piruj\AppData\Roaming\npm\etc\npmrc
7 verbose title npm create vite@latest frontend
8 verbose argv "create" "vite@latest" "frontend"
9 verbose logfile logs-max:10 dir:C:\Users\piruj\OneDrive\Desktop\OffShelf\tempnpm-cache\_logs\2026-04-02T16_52_32_960Z-
10 verbose logfile C:\Users\piruj\OneDrive\Desktop\OffShelf\tempnpm-cache\_logs\2026-04-02T16_52_32_960Z-debug-0.log
11 silly logfile done cleaning log files
12 silly packumentCache heap:4345298944 maxSize:1086324736 maxEntrySize:543162368
13 http fetch GET 200 https://registry.npmjs.org/create-vite 127ms (cache revalidated)
14 silly packumentCache heap:4345298944 maxSize:1086324736 maxEntrySize:543162368
15 verbose cwd C:\Users\piruj\OneDrive\Desktop\OffShelf
16 verbose os Windows_NT 10.0.26200
17 verbose node v23.5.0
18 verbose npm  v11.6.1
19 verbose exit 0
20 info ok
